
> tasknote@0.0.0 start
> ng serve --host 127.0.0.1 --port 4310

[33m❯[39m Building...
[32m✔[39m Building...
[35mBrowser bundles[39m     
[1mInitial chunk files[22m [2m | [22m[1mNames[22m                   [2m | [22m [1mRaw size[22m
[32mmain.js[39m             [2m | [22m[2mmain[22m                    [2m | [22m[36m112.62 kB[39m[2m | [22m
[32mpolyfills.js[39m        [2m | [22m[2mpolyfills[22m               [2m | [22m [36m89.77 kB[39m[2m | [22m
[32mchunk-HOSKT3IL.js[39m   [2m | [22m[2m-[22m                       [2m | [22m  [36m6.49 kB[39m[2m | [22m
[32mchunk-O763V3QX.js[39m   [2m | [22m[2m-[22m                       [2m | [22m  [36m5.17 kB[39m[2m | [22m
[32mstyles.css[39m          [2m | [22m[2mstyles[22m                  [2m | [22m  [36m4.87 kB[39m[2m | [22m
[32mchunk-RP2RJ5CI.js[39m   [2m | [22m[2m-[22m                       [2m | [22m  [36m3.84 kB[39m[2m | [22m
[32mchunk-EVSPGG2W.js[39m   [2m | [22m[2m-[22m                       [2m | [22m  [36m1.64 kB[39m[2m | [22m

[1m [22m                   [2m | [22m[1mInitial total[22m           [2m | [22m[1m224.40 kB[22m

[1mLazy chunk files[22m    [2m | [22m[1mNames[22m                   [2m | [22m [1mRaw size[22m
[32mchunk-XQW6XRG2.js[39m   [2m | [22m[2mtasks-page-component[22m    [2m | [22m [36m44.35 kB[39m[2m | [22m
[32mchunk-QC43XGIR.js[39m   [2m | [22m[2mmedia-page-component[22m    [2m | [22m [36m28.17 kB[39m[2m | [22m
[32mchunk-3OTSSE5A.js[39m   [2m | [22m[2mtheme-page-component[22m    [2m | [22m [36m25.31 kB[39m[2m | [22m
[32mchunk-RZCOYXYN.js[39m   [2m | [22m[2mdashboard-home-component[22m[2m | [22m [36m25.25 kB[39m[2m | [22m
[32mchunk-R2ZLP54P.js[39m   [2m | [22m[2mnotes-page-component[22m    [2m | [22m [36m24.66 kB[39m[2m | [22m


[35mServer bundles[39m      
[1mInitial chunk files[22m [2m | [22m[1mNames[22m                   [2m | [22m [1mRaw size[22m
[32mpolyfills.server.mjs[39m[2m | [22m[2mpolyfills.server[22m        [2m | [22m[36m567.23 kB[39m[2m | [22m
[32mmain.server.mjs[39m     [2m | [22m[2mmain.server[22m             [2m | [22m[36m114.20 kB[39m[2m | [22m
[32mchunk-2KKJ6O2J.mjs[39m  [2m | [22m[2m-[22m                       [2m | [22m  [36m6.53 kB[39m[2m | [22m
[32mchunk-GZNKX6PY.mjs[39m  [2m | [22m[2m-[22m                       [2m | [22m  [36m5.20 kB[39m[2m | [22m
[32mchunk-KAALKIZB.mjs[39m  [2m | [22m[2m-[22m                       [2m | [22m  [36m3.88 kB[39m[2m | [22m
[32mserver.mjs[39m          [2m | [22m[2mserver[22m                  [2m | [22m  [36m1.86 kB[39m[2m | [22m
[32mchunk-3ODA65P6.mjs[39m  [2m | [22m[2m-[22m                       [2m | [22m  [36m1.67 kB[39m[2m | [22m

[1mLazy chunk files[22m    [2m | [22m[1mNames[22m                   [2m | [22m [1mRaw size[22m
[32mchunk-BNI5COHB.mjs[39m  [2m | [22m[2mtasks-page-component[22m    [2m | [22m [36m44.39 kB[39m[2m | [22m
[32mchunk-3M7PUTS5.mjs[39m  [2m | [22m[2mmedia-page-component[22m    [2m | [22m [36m28.21 kB[39m[2m | [22m
[32mchunk-PKDADATL.mjs[39m  [2m | [22m[2mtheme-page-component[22m    [2m | [22m [36m25.34 kB[39m[2m | [22m
[32mchunk-5HTNXK3Z.mjs[39m  [2m | [22m[2mdashboard-home-component[22m[2m | [22m [36m25.29 kB[39m[2m | [22m
[32mchunk-NI2NFGTI.mjs[39m  [2m | [22m[2mnotes-page-component[22m    [2m | [22m [36m24.69 kB[39m[2m | [22m

Application bundle generation complete. [2.780 seconds]

Watch mode enabled. Watching for file changes...
NOTE: Raw file sizes do not reflect development server per-request transformations.
  [32m➜[39m  [1mLocal[22m:   [36mhttp://127.0.0.1:[1m4310[22m/[39m
